libgnomecanvas2-common:amd64 2.30.3-3
libcanberra-gtk-module:amd64 0.30-3
libgnomecanvas2-0:amd64 2.30.3-3
libgnomecanvasmm-2.6-1v5:amd64 2.26.0-2+b1
vusb-analyzer:amd64 1.1-6
ghex:amd64 3.18.3-1+b1
aircrack-ng:amd64 1:1.2-0~rc4-2
beef-xss:amd64 0.4.7.0-0kali4
cowpatty:amd64 4.6-1kali3
fern-wifi-cracker:amd64 2.5-0kali1
hydra:amd64 8.3-2
jad:amd64 1.5.8e-1kali1
laudanum:amd64 1.0+r36-0kali1
magicrescue:amd64 1.1.9-4
maltego-teeth:amd64 1.0-1kali0
mitmproxy:amd64 0.18.2-6kali1
padbuster:amd64 0.3.3-1kali1
python-pygame:amd64 1.9.1release+dfsg-10+b2
radare2:amd64 1.1.0+dfsg-2
scalpel:amd64 1.60-4
tshark:amd64 2.2.4+gcc3dc1b-1
wifi-honey:amd64 1.0-1kali2
chirp:amd64 1:20170124-1
p0f:amd64 3.09b-1
libpython3-dev:amd64 3.5.3-1
python3-pip:amd64 9.0.1-2
python3-psutil:amd64 5.0.1-1
python3-pyqt5:amd64 5.7+dfsg-5
libevent-dev:amd64 2.0.21-stable-3
libxml2-dev:amd64 2.9.4+dfsg1-2.2
libxslt1-dev:amd64 1.1.29-2
snmp-mibs-downloader:amd64 1.1+nmu1
default-mysql-client:amd64 1.0.2
default-mysql-server:amd64 1.0.2
gcc-msp430:amd64 4.6.3~mspgcc-20120406-7.1
mspdebug:amd64 0.22-2+b1
python-mysqldb:amd64 1.3.7-1.1
default-libmysqlclient-dev:amd64 1.0.2
libnet-pcap-perl:amd64 0.18-2
gnuplot:amd64 5.0.5+dfsg1-5
ent:amd64 1.2debian-1
screen:amd64 4.5.0-3
sudo:amd64 1.8.17p1-2
binwalk:amd64 2.1.1-16
gqrx-sdr:amd64 2.6-1+b1
hackrf:amd64 2015.07.2-11
kismet:amd64 2016.07.R1-1
ubertooth:amd64 2015.09.R2-4
vim:amd64 2:8.0.0095-1
john:amd64 1.8.0-2
python-libusb1:amd64 1.6-1
python-usb:amd64 1.0.0-1
git:amd64 1:2.11.0-2
python-pip:amd64 9.0.1-2
open-vm-tools:amd64 2:10.1.0-4449150-3
open-vm-tools-desktop:amd64 2:10.1.0-4449150-3
mercurial:amd64 4.0-1
subversion:amd64 1.9.5-1
burpsuite:amd64 1.7.03-0kali1
killerbee:amd64 1.0-1kali3
rfcat:amd64 161011-0kali1
rtlsdr-scanner:amd64 1:1.0.22093.8629-0kali1
sqlmap:amd64 1.1-2
wireshark:amd64 2.2.3+g57531cd-1
zaproxy:amd64 2.5.0-0kali1
metasploit-framework:amd64 4.13.15-0kali1
nftables:amd64 0.7-1
bro:amd64 2.5-1
python-pymodbus:amd64 1.2.0+git20151013-1
python3-scapy:amd64 0.19-1
snort:amd64 2.9.7.0-5
apt-transport-https:amd64 1.4~beta4
